<?xml version="1.0" encoding="UTF-8"?>
<!-- Generated by org.testng.reporters.JUnitReportReporter -->
<testsuite hostname="A868LHYD" failures="0" tests="1" name="Base.Basepage" time="0.007" errors="0" timestamp="2023-02-07T16:49:26 IST" skipped="0">
  <testcase classname="Base.Basepage" name="BasePage" time="0.007"/>
  <system-out/>
</testsuite> <!-- Base.Basepage -->
