<?xml version="1.0" encoding="UTF-8"?>
<!-- Generated by org.testng.reporters.JUnitReportReporter -->
<testsuite hostname="A868LHYD" failures="0" tests="1" name="Tests.Ordercompletetest" time="41.378" errors="0" timestamp="2023-03-06T11:33:30 IST" skipped="0">
  <testcase classname="Tests.Ordercompletetest" name="enedtoendTest" time="41.378"/>
  <system-out/>
</testsuite> <!-- Tests.Ordercompletetest -->
