<?xml version="1.0" encoding="UTF-8"?>
<!-- Generated by org.testng.reporters.JUnitReportReporter -->
<testsuite hostname="A868LHYD" failures="0" tests="1" name="Tests.AddRemoveitemBasket" time="24.398" errors="0" timestamp="2023-03-06T11:28:54 IST" skipped="0">
  <testcase classname="Tests.AddRemoveitemBasket" name="addremoveitem" time="24.398"/>
  <system-out/>
</testsuite> <!-- Tests.AddRemoveitemBasket -->
